<?xml version="1.0" encoding="UTF-8"?>
<!-- Generated by org.testng.reporters.JUnitReportReporter -->
<testsuite skipped="0" hostname="master" name="TestNG.VerifyLoginTest" tests="1" failures="0" timestamp="2019-11-02T12:35:01 UTC" time="9.960" errors="0">
  <testcase name="verifyLogin" time="9.960" classname="TestNG.VerifyLoginTest"/>
</testsuite> <!-- TestNG.VerifyLoginTest -->
